{"/home/diego/Documents/studies/advanced-redux-course/src/scripts/index.js":{"path":"/home/diego/Documents/studies/advanced-redux-course/src/scripts/index.js","s":{"1":1,"2":1,"3":1},"b":{},"f":{"1":1},"fnMap":{"1":{"name":"(anonymous_1)","line":1,"loc":{"start":{"line":1,"column":15},"end":{"line":null,"column":null}}}},"statementMap":{"1":{"start":{"line":0,"column":0},"end":{"line":0,"column":0},"skip":true},"2":{"start":{"line":1,"column":15},"end":{"line":null,"column":null}},"3":{"start":{"line":1,"column":20},"end":{"line":null,"column":null}}},"branchMap":{}},"/home/diego/Documents/studies/advanced-redux-course/src/scripts/components/App.js":{"path":"/home/diego/Documents/studies/advanced-redux-course/src/scripts/components/App.js","s":{"1":1,"2":1,"3":1,"4":1,"5":1,"6":1,"7":1,"8":1,"9":1},"b":{},"f":{"1":1,"2":1},"fnMap":{"1":{"name":"(anonymous_1)","line":1,"loc":{"start":{"line":1,"column":15},"end":{"line":1,"column":24}}},"2":{"name":"comp","line":9,"loc":{"start":{"line":9,"column":17},"end":{"line":null,"column":null}}}},"statementMap":{"1":{"start":{"line":0,"column":0},"end":{"line":0,"column":0},"skip":true},"2":{"start":{"line":1,"column":15},"end":{"line":null,"column":null}},"3":{"start":{"line":3,"column":10},"end":{"line":null,"column":null}},"4":{"start":{"line":6,"column":8},"end":{"line":null,"column":null}},"5":{"start":{"line":9,"column":10},"end":{"line":null,"column":null}},"6":{"start":{"line":9,"column":20},"end":{"line":null,"column":null}},"7":{"start":{"line":10,"column":8},"end":{"line":null,"column":null}},"8":{"start":{"line":12,"column":9},"end":{"line":null,"column":null}},"9":{"start":{"line":16,"column":11},"end":{"line":null,"column":null}}},"branchMap":{}}}